2022-09-29 22:33:32 - 1.41
2022-09-29 22:34:54 - 1.46
2022-09-29 22:35:27 - 1.58
2022-09-29 22:36:00 - 1.35
2022-09-29 22:37:13 - 1.55
2022-09-29 22:38:24 - 1.41
2022-09-29 22:39:55 - 1.43
2022-09-29 22:40:51 - 1.42
2022-09-29 22:41:43 - 2.11
2022-09-29 22:42:48 - 1.5
2022-09-29 22:43:35 - 1.55
2022-09-29 22:44:19 - 1.7
2022-09-29 22:45:47 - 1.72
2022-09-29 22:46:20 - 1.59
2022-09-29 22:47:19 - 1.64
2022-09-29 22:47:55 - 1.48
2022-09-29 22:48:34 - 1.52
2022-09-29 22:49:10 - 1.53
2022-09-29 22:50:26 - 1.58
2022-09-29 22:51:45 - 1.46
2022-09-29 22:52:50 - 1.45
2022-09-29 22:53:26 - 1.71
2022-09-29 22:54:52 - 1.32
2022-09-29 22:55:49 - 1.52
2022-09-29 22:56:57 - 1.48
2022-09-29 22:58:29 - 1.69
2022-09-29 22:59:36 - 1.66
2022-09-29 23:11:57 - 2.43
2022-09-29 23:13:30 - 3.53
2022-09-29 23:14:45 - 1.62
2022-09-29 23:15:30 - 1.6
2022-09-29 23:16:52 - 1.6
yyy-09-29 23:18:20 - Navigation timeout of 30000 ms exceeded
yyy-09-29 23:19:23 - Navigation timeout of 30000 ms exceeded
2022-09-29 23:20:08 - 1.63
2022-09-29 23:21:11 - 1.45
yyy-09-29 23:35:52 - Navigation timeout of 30000 ms exceeded
2022-09-30 00:06:12 - 3.25
2022-09-30 00:23:29 - 4.53
2022-09-30 00:35:34 - 4.72
2022-09-30 00:54:55 - 5.53
2022-09-30 01:11:02 - 3.54
2022-09-30 02:20:07 - 2.1
2022-09-30 02:21:30 - 5.18
2022-09-30 02:22:10 - 5.13
2022-09-30 03:33:07 - 4.83
2022-09-30 04:58:12 - 5.56
2022-09-30 04:59:12 - 4.59
2022-09-30 06:31:07 - 1.57
yyy-09-30 07:52:46 - Navigation timeout of 30000 ms exceeded
2022-09-30 07:54:13 - 1.65
2022-09-30 07:55:10 - 1.35
2022-09-30 07:56:24 - 1.58
2022-09-30 07:57:47 - 1.51
2022-09-30 07:59:10 - 1.55
2022-09-30 07:59:45 - 1.47
2022-09-30 08:00:52 - 1.24
2022-09-30 08:01:23 - 1.54
2022-09-30 08:02:17 - 1.37
2022-09-30 08:03:22 - 1.46
2022-09-30 08:04:09 - 1.67
2022-09-30 08:05:28 - 1.78
2022-09-30 08:06:32 - 1.65
2022-09-30 08:07:42 - 1.5
2022-09-30 08:09:03 - 1.35
2022-09-30 08:09:56 - 1.37
2022-09-30 08:10:29 - 1.77
2022-09-30 08:11:01 - 1.42
2022-09-30 08:11:43 - 1.49
2022-09-30 08:12:33 - 2.44
2022-09-30 08:14:05 - 1.92
2022-09-30 08:15:34 - 1.47
2022-09-30 08:16:08 - 1.5
2022-09-30 08:17:36 - 1.55
2022-09-30 08:18:26 - 1.49
2022-09-30 08:18:58 - 1.69
2022-09-30 08:19:38 - 1.52
2022-09-30 08:21:02 - 1.72
2022-09-30 08:21:51 - 1.1
2022-09-30 08:23:04 - 1.64
2022-09-30 08:23:51 - 1.43
2022-09-30 08:24:55 - 1.49
2022-09-30 08:25:55 - 1.53
2022-09-30 08:26:54 - 1.44
2022-09-30 08:27:36 - 1.28
2022-09-30 08:28:31 - 1.54
yyy-09-30 08:30:28 - waiting for target failed: timeout 30000ms exceeded
2022-09-30 08:47:06 - 2.46
2022-09-30 08:48:05 - 2.01
2022-09-30 08:49:12 - 1.52
2022-09-30 08:50:03 - 1.46
2022-09-30 08:51:16 - 1.31
2022-09-30 08:52:01 - 1.5
2022-09-30 08:52:53 - 1.58
2022-09-30 08:54:06 - 1.27
2022-09-30 08:54:40 - 1.37
2022-09-30 08:56:03 - 1.58
2022-09-30 08:57:16 - 1.27
2022-09-30 08:58:49 - 1.65
2022-09-30 09:00:21 - 1.65
2022-09-30 09:01:10 - 1.35
2022-09-30 09:02:29 - 1.5
2022-09-30 09:03:55 - 1.39
2022-09-30 09:05:11 - 1.57
2022-09-30 09:06:00 - 1.45
2022-09-30 09:06:41 - 1.59
2022-09-30 09:07:30 - 1.38
2022-09-30 09:08:46 - 1.76
2022-09-30 09:09:27 - 1.76
2022-09-30 09:10:04 - 1.42
2022-09-30 09:11:12 - 1.48
2022-09-30 09:12:29 - 1.56
2022-09-30 09:14:00 - 1.49
2022-09-30 09:15:16 - 1.09
2022-09-30 09:16:33 - 1.53
2022-09-30 09:17:15 - 1.57
2022-09-30 09:17:59 - 1.62
2022-09-30 09:19:31 - 1.48
2022-09-30 09:20:48 - 1.5
2022-09-30 09:22:00 - 2.95
2022-09-30 09:23:12 - 1.58
2022-09-30 09:24:25 - 1.63
2022-09-30 09:25:28 - 3.49
2022-09-30 09:26:33 - 1.19
2022-09-30 09:27:32 - 1.52
2022-09-30 09:28:36 - 1.34
2022-09-30 09:29:55 - 1.59
2022-09-30 09:31:00 - 1.82
2022-09-30 09:31:34 - 1.52
2022-09-30 09:32:45 - 1.42
2022-09-30 09:33:51 - 1.62
2022-09-30 09:34:35 - 1.64
2022-09-30 09:35:54 - 1.19
2022-09-30 09:36:30 - 2.27
2022-09-30 09:37:05 - 1.65
2022-09-30 09:38:01 - 1.55
2022-09-30 09:39:01 - 1.55
2022-09-30 09:39:43 - 1.46
2022-09-30 09:40:54 - 1.37
2022-09-30 09:42:08 - 1.45
2022-09-30 09:43:27 - 1.7
2022-09-30 09:44:27 - 1.83
2022-09-30 09:45:18 - 1.46
2022-09-30 09:46:12 - 1.35
2022-09-30 09:47:41 - 1.63
2022-09-30 09:48:22 - 1.39
2022-09-30 09:49:08 - 1.43
2022-09-30 09:50:21 - 1.56
2022-09-30 09:51:07 - 1.45
2022-09-30 09:52:18 - 1.56
2022-09-30 09:53:06 - 1.51
2022-09-30 09:54:13 - 1.28
2022-09-30 09:55:16 - 1.94
2022-09-30 09:55:53 - 1.75
2022-09-30 09:56:44 - 2.23
2022-09-30 09:58:09 - 1.61
2022-09-30 09:59:01 - 1.4
2022-09-30 09:59:41 - 1.69
2022-09-30 10:00:17 - 1.4
2022-09-30 10:01:33 - 1.35
2022-09-30 10:02:33 - 1.77
2022-09-30 10:03:13 - 1.33
2022-09-30 10:04:05 - 1.44
2022-09-30 10:05:20 - 1.34
2022-09-30 10:05:54 - 1.52
2022-09-30 10:07:18 - 1.39
2022-09-30 10:07:55 - 1.31
2022-09-30 10:08:41 - 1.43
2022-09-30 10:09:19 - 1.09
2022-09-30 10:10:49 - 1.17
2022-09-30 10:14:47 - 4.73
2022-09-30 10:15:57 - 1.76
2022-09-30 10:17:22 - 1.78
2022-09-30 10:18:52 - 1.47
2022-09-30 10:19:55 - 1.48
2022-09-30 10:21:02 - 1.45
2022-09-30 10:22:30 - 1.55
2022-09-30 10:24:02 - 1.59
2022-09-30 10:25:10 - 1.72
2022-09-30 10:25:48 - 1.48
2022-09-30 10:26:58 - 1.77
2022-09-30 10:28:00 - 1.55
2022-09-30 10:28:51 - 1.69
2022-09-30 10:29:55 - 1.82
2022-09-30 10:31:10 - 1.42
2022-09-30 10:31:56 - 1.62
2022-09-30 10:33:18 - 1.77
2022-09-30 10:33:57 - 1.2
2022-09-30 10:34:49 - 1.13
2022-09-30 10:35:52 - 1.58
2022-09-30 10:37:00 - 1.43
2022-09-30 10:37:52 - 1.89
2022-09-30 10:39:07 - 1.62
2022-09-30 10:39:56 - 1.4
2022-09-30 10:40:31 - 1.45
2022-09-30 10:41:14 - 1.5
2022-09-30 10:41:52 - 1.95
2022-09-30 10:42:53 - 1.57
2022-09-30 10:43:51 - 1.57
2022-09-30 10:44:37 - 1.44
2022-09-30 10:45:41 - 1.49
2022-09-30 10:46:53 - 1.52
2022-09-30 10:47:50 - 1.5
2022-09-30 10:48:50 - 2.19
2022-09-30 10:49:49 - 1.57
2022-09-30 10:51:15 - 1.62
2022-09-30 10:52:41 - 1.2
2022-09-30 10:53:14 - 1.82
2022-09-30 10:54:42 - 1.49
2022-09-30 10:55:54 - 1.46
2022-09-30 10:56:58 - 1.28
2022-09-30 10:57:56 - 1.5
2022-09-30 10:58:49 - 1.63
2022-09-30 10:59:39 - 1.24
2022-09-30 11:01:08 - 1.57
2022-09-30 11:02:33 - 1.76
2022-09-30 11:03:15 - 1.54
2022-09-30 11:04:39 - 1.52
2022-09-30 11:05:20 - 1.68
2022-09-30 11:05:53 - 1.52
2022-09-30 11:06:29 - 1.44
2022-09-30 11:07:35 - 1.54
2022-09-30 11:08:43 - 1.55
2022-09-30 11:10:04 - 1.8
2022-09-30 11:11:24 - 1.63
2022-09-30 11:12:06 - 1.34
2022-09-30 11:12:56 - 1.48
2022-09-30 11:13:35 - 1.57
2022-09-30 12:31:26 1.46 0.83 2.29
2022-09-30 12:33:06 1.29 0.83 2.12
2022-09-30 12:34:36 1.66 1.02 2.68
2022-09-30 12:35:51 1.40 0.84 2.24
2022-09-30 12:36:41 1.44 0.89 2.33
2022-09-30 12:37:47 1.33 0.78 2.11
2022-09-30 12:38:55 1.30 0.76 2.06
2022-09-30 12:40:24 1.13 0.85 1.98
2022-09-30 12:41:52 1.54 0.75 2.29
2022-09-30 12:42:54 1.28 0.79 2.07
2022-09-30 12:43:36 1.41 0.79 2.20
2022-09-30 12:44:12 1.17 0.80 1.97
2022-09-30 12:49:04 6.47 5.40 11.87
2022-09-30 12:50:15 2.08 1.51 3.59
2022-09-30 13:14:18 2.42 1.68 4.10
2022-09-30 13:14:54 3.90 2.75 6.65
2022-09-30 13:21:13 3.52 1.98 5.50
2022-09-30 13:21:49 1.46 0.91 2.37
2022-09-30 13:23:10 1.71 0.96 2.67
2022-09-30 13:24:28 1.04 0.76 1.80
2022-09-30 13:25:49 1.58 0.73 2.31
2022-09-30 13:26:33 1.46 0.76 2.22
2022-09-30 13:27:39 1.11 0.80 1.91
2022-09-30 13:28:53 1.48 0.82 2.30
2022-09-30 13:29:38 1.28 0.79 2.07
2022-09-30 13:30:26 1.57 0.82 2.39
2022-09-30 13:31:45 1.10 0.81 1.91
2022-09-30 13:32:47 1.50 0.87 2.37
2022-09-30 13:33:57 1.36 0.70 2.06
2022-09-30 13:35:18 1.39 0.71 2.10
2022-09-30 13:36:44 1.05 0.85 1.90
2022-09-30 13:37:32 1.30 0.72 2.02
2022-09-30 13:38:52 1.59 0.90 2.49
2022-09-30 13:39:42 1.35 0.81 2.16
2022-09-30 13:40:55 1.74 0.79 2.53
2022-09-30 13:41:57 1.30 0.77 2.07
2022-09-30 13:43:17 1.60 0.82 2.42
2022-09-30 13:43:49 1.60 0.74 2.34
2022-09-30 13:44:58 1.72 0.93 2.65
2022-09-30 13:45:45 1.54 0.88 2.42
2022-09-30 13:47:03 1.35 0.85 2.20
2022-09-30 13:48:07 1.39 0.86 2.25
2022-09-30 13:49:21 1.20 0.93 2.13
2022-09-30 13:50:13 1.62 0.75 2.37
2022-09-30 13:50:49 1.30 0.74 2.04
2022-09-30 13:51:41 1.26 0.76 2.02
2022-09-30 13:52:14 1.31 0.81 2.12
2022-09-30 13:53:38 1.57 0.91 2.48
2022-09-30 13:54:42 1.42 0.78 2.20
2022-09-30 13:55:27 1.29 0.76 2.05
2022-09-30 13:56:58 5.84 5.71 11.55
2022-09-30 13:58:02 1.43 0.75 2.18
2022-09-30 13:58:50 1.41 0.82 2.23
2022-09-30 13:59:40 1.91 1.03 2.94
2022-09-30 14:00:33 1.54 0.83 2.37
2022-09-30 14:01:59 1.68 0.95 2.63
2022-09-30 14:02:33 1.82 0.95 2.77
2022-09-30 14:03:26 1.39 0.91 2.30
2022-09-30 14:04:53 1.17 0.88 2.05
2022-09-30 14:05:55 1.53 0.72 2.25
2022-09-30 14:07:16 1.58 0.73 2.31
2022-09-30 14:07:56 1.40 0.83 2.23
2022-09-30 14:09:22 1.65 0.89 2.54
2022-09-30 14:10:29 1.52 0.78 2.30
2022-09-30 14:11:30 4.59 4.09 8.68
2022-09-30 14:12:31 1.39 0.77 2.16
2022-09-30 14:13:21 1.49 0.88 2.37
2022-09-30 14:13:58 1.62 0.78 2.40
2022-09-30 14:15:10 1.60 0.90 2.50
2022-09-30 14:16:02 5.39 2.15 7.54
2022-09-30 14:16:41 1.49 0.82 2.31
2022-09-30 14:17:42 1.37 0.80 2.17
2022-09-30 14:18:55 1.60 1.00 2.60
2022-09-30 14:19:29 1.52 0.97 2.49
2022-09-30 14:20:22 1.13 0.80 1.93
2022-09-30 14:21:11 1.32 0.78 2.10
2022-09-30 14:22:18 3.26 0.88 4.14
2022-09-30 14:23:39 1.37 0.82 2.19
2022-09-30 14:24:44 1.47 0.86 2.33
2022-09-30 14:26:05 1.57 0.76 2.33
2022-09-30 14:27:00 1.40 0.76 2.16
2022-09-30 14:27:56 1.07 0.78 1.85
2022-09-30 14:29:01 1.27 0.74 2.01
2022-09-30 14:30:55 5.40 4.62 10.02
2022-09-30 14:59:48 2.34 1.48 3.82
2022-09-30 15:12:17 1.68 0.81 2.49
2022-09-30 15:13:40 4.07 2.71 6.78
2022-09-30 15:19:50 1.58 0.93 2.51
2022-09-30 15:20:40 1.63 0.91 2.54
2022-09-30 15:21:22 1.53 0.72 2.25
2022-09-30 15:22:37 1.57 1.05 2.62
2022-09-30 15:24:06 1.58 0.75 2.33
2022-09-30 15:25:25 1.44 0.86 2.30
2022-09-30 15:26:07 1.38 0.74 2.12
2022-09-30 15:27:23 1.36 0.85 2.21
2022-09-30 15:28:48 1.53 0.71 2.24
2022-09-30 15:29:55 1.20 0.91 2.11
2022-09-30 15:30:48 1.41 0.77 2.18
2022-09-30 15:32:15 6.07 5.39 11.46
2022-09-30 15:45:20 6.07 2.76 8.83
2022-09-30 15:46:48 1.64 0.83 2.47
2022-09-30 15:55:26 3.83 2.54 6.37
2022-09-30 15:57:23 8.08 4.61 12.69
2022-09-30 16:07:14 7.77 4.98 12.75
2022-09-30 16:08:33 1.69 0.90 2.59
2022-09-30 16:26:28|Navigation timeout of 30000 ms exceeded
2022-09-30 16:27:06 5.67 2.87 8.54
2022-09-30 16:27:55 5.16 4.31 9.47
2022-09-30 17:11:49 2.48 1.41 3.89
2022-09-30 17:12:24 1.56 0.82 2.38
2022-09-30 17:13:34 1.44 0.81 2.25
2022-09-30 17:14:32 1.10 0.76 1.86
2022-09-30 17:15:24 1.08 0.84 1.92
2022-09-30 17:16:17 1.51 0.80 2.31
2022-09-30 17:17:18 1.39 0.76 2.15
2022-09-30 17:18:43 1.46 0.73 2.19
2022-09-30 17:19:44 1.40 0.78 2.18
2022-09-30 17:20:18 1.37 0.84 2.21
2022-09-30 17:21:33 2.10 0.82 2.92
2022-09-30 17:22:59 1.60 0.75 2.35
2022-09-30 17:24:05 1.60 0.77 2.37
2022-09-30 17:25:12 1.57 0.74 2.31
2022-09-30 17:25:56 1.07 0.80 1.87
2022-09-30 17:27:26 1.32 0.69 2.01
2022-09-30 17:28:48 1.48 0.80 2.28
2022-09-30 17:35:08 7.14 5.58 12.72
2022-09-30 17:36:37 1.11 0.86 1.97
2022-09-30 17:37:29 1.43 0.84 2.27
2022-09-30 17:38:35 1.57 0.71 2.28
2022-09-30 17:39:29 1.47 0.77 2.24
2022-09-30 17:40:06 1.09 0.81 1.90
2022-09-30 17:40:53 1.30 0.80 2.10
2022-09-30 17:42:00 1.45 0.79 2.24
2022-09-30 17:42:59 1.30 0.74 2.04
2022-09-30 17:44:29 1.12 0.72 1.84
2022-09-30 17:46:02 4.67 3.51 8.18
2022-09-30 18:03:44 4.37 2.94 7.31
2022-09-30 18:21:04 1.48 0.97 2.45
2022-09-30 18:28:01 4.73 3.67 8.40
2022-09-30 18:43:40 1.66 0.82 2.48
2022-09-30 18:45:00 4.42 2.58 7.00
2022-09-30 18:54:59 6.85 6.06 12.91
2022-09-30 19:06:25 1.75 0.94 2.69
2022-09-30 19:07:08 3.90 2.61 6.51
2022-09-30 19:16:31 1.76 0.95 2.71
2022-09-30 19:31:27 1.61 1.10 2.71
2022-09-30 19:32:58 1.40 0.85 2.25
2022-09-30 19:36:55 6.36 5.79 12.15
2022-09-30 19:47:26 1.50 1.03 2.53
2022-09-30 19:48:05 4.14 2.77 6.91
2022-09-30 19:50:52 5.87 2.63 8.50
2022-09-30 20:08:56 2.14 0.79 2.93
2022-09-30 20:14:13 4.33 3.62 7.95
2022-09-30 20:32:27|Navigation timeout of 30000 ms exceeded
2022-09-30 20:33:37 4.41 3.21 7.62
2022-09-30 20:41:44 2.07 1.01 3.08
2022-09-30 20:47:23 4.26 2.96 7.22
2022-09-30 20:48:56 1.41 0.79 2.20
2022-09-30 20:50:12 1.54 0.94 2.48
2022-09-30 20:51:08 1.73 0.76 2.49
2022-09-30 20:52:08 1.30 0.77 2.07
2022-09-30 20:52:52 1.35 0.81 2.16
2022-09-30 20:54:21 1.96 1.13 3.09
2022-09-30 20:55:02 2.50 1.52 4.02
2022-09-30 20:55:38 1.71 0.90 2.61
2022-09-30 20:56:32 1.66 1.07 2.73
2022-09-30 20:57:32 1.70 0.75 2.45
2022-09-30 20:58:35 1.90 1.09 2.99
2022-09-30 20:59:27 1.47 0.87 2.34
2022-09-30 21:00:55 1.72 1.04 2.76
2022-09-30 21:02:25 1.64 0.84 2.48
2022-09-30 21:03:51 1.91 1.24 3.15
2022-09-30 21:05:03 7.09 4.06 11.15
2022-09-30 21:06:33 1.58 0.87 2.45
2022-09-30 21:07:52 1.58 0.92 2.50
2022-09-30 21:09:02 1.66 0.97 2.63
2022-09-30 21:10:24 1.66 1.48 3.14
2022-09-30 21:11:24 1.78 1.02 2.80
2022-09-30 21:12:47 1.53 0.90 2.43
2022-09-30 21:13:28 1.59 0.97 2.56
2022-09-30 21:14:34 1.38 1.22 2.60
2022-09-30 21:15:23 1.53 0.75 2.28
2022-09-30 21:16:54 1.42 0.84 2.26
2022-09-30 21:18:13 1.57 1.21 2.78
2022-09-30 21:19:10 1.53 0.93 2.46
2022-09-30 21:20:12 1.37 1.10 2.47
2022-09-30 21:21:44 2.26 0.91 3.17
2022-09-30 21:22:28 1.55 0.91 2.46
2022-09-30 21:23:19 1.00 0.88 1.88
2022-09-30 21:24:26 1.39 0.87 2.26
2022-09-30 21:25:55 1.52 0.89 2.41
2022-09-30 21:27:13 1.66 1.10 2.76
2022-09-30 21:28:22 1.11 0.82 1.93
2022-09-30 21:29:12 1.45 1.17 2.62
2022-09-30 21:30:24 1.47 0.84 2.31
2022-09-30 21:31:38 1.92 1.08 3.00
2022-09-30 21:33:09 2.08 1.00 3.08
2022-09-30 21:33:55 1.55 0.90 2.45
2022-09-30 21:34:53 1.56 0.77 2.33
2022-09-30 21:36:04 2.00 1.41 3.41
2022-09-30 21:37:17 1.38 0.83 2.21
2022-09-30 21:38:08 1.70 0.74 2.44
2022-09-30 21:39:28 3.80 1.22 5.02
2022-09-30 21:40:24 1.48 0.90 2.38
2022-09-30 21:41:50 1.87 1.14 3.01
2022-09-30 21:43:08 1.66 1.05 2.71
2022-09-30 21:43:56 1.34 0.77 2.11
2022-09-30 21:45:10 1.94 1.01 2.95
2022-09-30 21:46:32 1.98 1.04 3.02
2022-09-30 21:47:49 3.61 0.78 4.39
2022-09-30 21:49:07 1.72 1.36 3.08
2022-09-30 21:49:48 1.51 0.80 2.31
2022-09-30 21:50:34 1.66 0.78 2.44
2022-09-30 21:51:33 2.03 1.05 3.08
2022-09-30 21:52:54 1.73 0.86 2.59
2022-09-30 21:53:33 1.58 1.41 2.99
2022-09-30 21:54:13 1.42 0.84 2.26
2022-09-30 21:54:46 1.51 0.96 2.47
2022-09-30 21:56:11 1.69 1.09 2.78
2022-09-30 21:57:23 1.50 0.82 2.32
2022-09-30 21:58:11 1.79 0.94 2.73
2022-09-30 21:59:32 1.49 0.85 2.34
2022-09-30 22:00:39 1.55 0.89 2.44
2022-09-30 22:01:16 1.62 0.82 2.44
2022-09-30 22:02:27 1.44 0.87 2.31
2022-09-30 22:03:07 1.45 0.88 2.33
2022-09-30 22:04:02 1.32 0.79 2.11
2022-09-30 22:05:01 7.12 6.50 13.62
2022-09-30 22:06:27 1.57 0.90 2.47
2022-09-30 22:07:07 1.68 0.82 2.50
2022-09-30 22:08:23 1.62 0.89 2.51
2022-09-30 22:09:52 1.63 0.92 2.55
2022-09-30 22:10:26 1.46 0.85 2.31
2022-09-30 22:11:31 1.62 0.99 2.61
2022-09-30 22:13:00 1.74 1.16 2.90
2022-09-30 22:13:58 1.75 1.07 2.82
2022-09-30 22:14:46 1.73 1.60 3.33
2022-09-30 22:15:27 1.40 0.83 2.23
2022-09-30 22:16:57 1.37 0.77 2.14
2022-09-30 22:18:04 1.63 0.97 2.60
2022-09-30 22:18:39 1.67 0.89 2.56
2022-09-30 22:20:00 1.74 1.15 2.89
2022-09-30 22:21:28 2.66 0.84 3.50
2022-09-30 22:22:16 1.18 0.87 2.05
2022-09-30 22:23:05 1.47 0.84 2.31
2022-09-30 22:24:18 1.66 0.80 2.46
2022-09-30 22:24:54 1.43 0.82 2.25
2022-09-30 22:25:30 1.09 0.83 1.92
2022-09-30 22:26:30 1.26 1.12 2.38
2022-09-30 22:27:22 1.79 1.64 3.43
2022-09-30 22:28:17 1.68 0.89 2.57
2022-09-30 22:29:29 1.46 1.09 2.55
2022-09-30 22:30:13 1.52 0.92 2.44
2022-09-30 22:31:07 1.67 0.89 2.56
2022-09-30 22:32:13 1.69 0.84 2.53
2022-09-30 22:33:17 1.47 0.73 2.20
2022-09-30 22:34:40 1.42 0.82 2.24
2022-09-30 22:35:55 1.27 0.81 2.08
2022-09-30 22:37:00 1.68 0.91 2.59
2022-09-30 22:38:30 1.57 0.90 2.47
2022-09-30 22:39:48 1.56 0.79 2.35
2022-09-30 22:41:04 1.57 0.83 2.40
2022-09-30 22:42:30 1.46 0.81 2.27
2022-09-30 22:43:58 1.50 0.79 2.29
2022-09-30 22:44:48 1.37 0.79 2.16
2022-09-30 22:45:38 2.81 0.83 3.64
2022-09-30 22:46:24 1.50 0.82 2.32
2022-09-30 22:47:37 1.47 0.77 2.24
2022-09-30 22:48:25 1.48 0.80 2.28
2022-09-30 22:49:17 1.44 0.81 2.25
2022-09-30 22:50:13 1.49 0.88 2.37
2022-09-30 22:50:52 1.62 0.85 2.47
2022-09-30 22:51:30 1.48 0.83 2.31
2022-09-30 22:52:29 1.36 0.78 2.14
2022-09-30 22:53:12 1.39 0.76 2.15
2022-09-30 22:55:52 5.73 3.80 9.53
2022-09-30 23:06:16 6.22 5.63 11.85
2022-09-30 23:14:18 1.35 0.78 2.13
2022-09-30 23:14:56 4.84 3.90 8.74
2022-09-30 23:17:54 4.34 3.09 7.43
2022-09-30 23:36:07 4.76 3.29 8.05
2022-09-30 23:36:46 4.44 3.00 7.44
2022-09-30 23:37:27 4.70 3.01 7.71
2022-09-30 23:56:15 4.56 3.45 8.01
2022-10-01 00:12:43 1.83 0.99 2.82
2022-10-01 00:45:26 4.97 3.36 8.33
2022-10-01 01:01:09 6.63 3.13 9.76
2022-10-01 02:44:38 1.69 0.76 2.45
2022-10-01 04:17:04 6.38 5.86 12.24
2022-10-01 05:43:38 1.79 0.86 2.65
2022-10-01 06:47:28 6.11 3.05 9.16
2022-10-01 07:11:31 1.55 0.95 2.50
2022-10-01 07:31:51 4.40 3.23 7.63
2022-10-01 07:35:08 1.41 0.76 2.17
2022-10-01 07:45:57 1.80 1.21 3.01
2022-10-01 07:56:30 5.98 3.01 8.99
2022-10-01 08:33:13 4.48 2.00 6.48
2022-10-01 08:33:51 1.64 0.82 2.46
2022-10-01 08:35:07 1.52 0.88 2.40
2022-10-01 08:35:45 1.86 0.96 2.82
2022-10-01 08:36:22 1.44 0.85 2.29
2022-10-01 08:37:25 1.43 0.79 2.22
2022-10-01 08:38:05 1.03 0.81 1.84
2022-10-01 08:38:39 1.15 0.87 2.02
2022-10-01 08:39:44 1.15 0.85 2.00
2022-10-01 08:41:05 2.41 0.79 3.20
2022-10-01 08:41:40 1.42 0.78 2.20
2022-10-01 08:42:41 1.52 0.78 2.30
2022-10-01 08:43:40 1.45 0.80 2.25
2022-10-01 08:44:18 1.31 0.82 2.13
2022-10-01 08:44:53 1.53 0.75 2.28
2022-10-01 08:45:37 1.38 0.78 2.16
2022-10-01 08:46:43 1.64 0.84 2.48
2022-10-01 08:47:34 1.05 0.78 1.83
2022-10-01 08:48:39 1.55 0.79 2.34
2022-10-01 08:50:08 1.33 0.78 2.11
2022-10-01 08:51:01 1.00 0.79 1.79
2022-10-01 08:52:16 1.38 0.83 2.21
2022-10-01 08:54:11 1.56 0.99 2.55
2022-10-01 09:10:18 6.20 5.38 11.58
2022-10-01 09:26:12 1.62 0.77 2.39
2022-10-01 09:27:12 1.52 0.93 2.45
2022-10-01 09:35:34 1.54 0.84 2.38
2022-10-01 09:36:46 4.25 2.84 7.09
2022-10-01 09:46:36 2.00 1.15 3.15
2022-10-01 09:50:00 4.32 2.82 7.14
2022-10-01 09:58:49 4.13 2.81 6.94
2022-10-01 10:15:27 6.12 5.55 11.67
2022-10-01 10:32:20 1.73 0.83 2.56
2022-10-01 10:33:12 4.47 3.00 7.47
2022-10-01 10:35:24 6.91 3.17 10.08
2022-10-01 10:36:39 4.52 3.20 7.72
2022-10-01 10:53:52 4.86 3.03 7.89
2022-10-01 10:54:55 4.38 2.87 7.25
2022-10-01 10:55:58 4.47 3.07 7.54
2022-10-01 10:57:24 4.67 3.00 7.67
2022-10-01 11:13:37 6.69 3.23 9.92
2022-10-01 11:33:15 4.42 3.18 7.60
2022-10-01 12:10:10 6.00 3.13 9.13
2022-10-01 12:14:06 1.57 0.82 2.39
2022-10-01 12:27:30 1.54 0.81 2.35
2022-10-01 12:29:20 5.10 2.90 8.00
2022-10-01 12:34:09 4.11 2.94 7.05
2022-10-01 13:15:46 1.91 0.83 2.74
2022-10-01 13:17:14 4.99 3.44 8.43
2022-10-01 13:34:03|Navigation timeout of 30000 ms exceeded
2022-10-01 14:07:21|Navigation timeout of 30000 ms exceeded
2022-10-01 14:19:06 6.31 5.50 11.81
2022-10-01 14:20:20 1.32 0.95 2.27
2022-10-01 14:21:04 1.49 0.78 2.27
2022-10-01 14:22:08 5.14 3.46 8.60
2022-10-01 14:25:22 1.68 0.84 2.52
2022-10-01 14:26:14 1.45 0.86 2.31
2022-10-01 14:28:36 7.82 5.12 12.94
2022-10-01 14:31:49 7.49 4.41 11.90
2022-10-01 14:35:50|Navigation timeout of 30000 ms exceeded
2022-10-01 14:56:48 8.06 4.27 12.33
2022-10-01 14:59:31 5.46 3.30 8.76
2022-10-01 15:04:55 6.04 4.73 10.77
2022-10-01 15:21:19 1.95 1.04 2.99
2022-10-01 15:22:21 5.90 4.25 10.15
2022-10-01 15:23:05 6.08 4.47 10.55
2022-10-01 15:41:17 6.76 6.05 12.81
2022-10-01 15:42:16 6.10 4.35 10.45
2022-10-01 15:42:55 5.52 3.62 9.14
2022-10-01 16:44:31 6.32 4.28 10.60
2022-10-01 17:03:44|Navigation timeout of 30000 ms exceeded
2022-10-01 17:05:14 6.24 4.77 11.01
2022-10-01 17:05:54 6.08 4.37 10.45
2022-10-01 17:06:43 4.42 3.12 7.54
2022-10-01 17:07:24 3.06 2.19 5.25
2022-10-01 17:12:02|Navigation timeout of 30000 ms exceeded
2022-10-01 17:13:14 3.89 3.38 7.27
2022-10-01 17:13:58 6.66 4.25 10.91
2022-10-01 17:17:16 9.75 4.82 14.57
2022-10-01 17:39:49|Navigation timeout of 30000 ms exceeded
2022-10-01 17:41:00 8.64 5.84 14.48
2022-10-01 17:42:21 9.33 7.12 16.45
2022-10-01 17:58:45 8.85 6.52 15.37
2022-10-01 18:13:48 5.83 3.22 9.05
2022-10-01 18:21:55 2.10 1.12 3.22
2022-10-01 18:32:56 8.98 6.07 15.05
2022-10-01 18:41:10 2.26 0.99 3.25
2022-10-01 18:42:29 3.18 1.74 4.92
2022-10-01 18:43:10 1.83 0.95 2.78
2022-10-01 18:43:47 1.53 0.90 2.43
2022-10-01 18:44:39 2.30 0.99 3.29
2022-10-01 18:46:03 1.28 0.90 2.18
2022-10-01 18:46:53 1.24 0.85 2.09
2022-10-01 18:48:24 1.31 1.00 2.31
2022-10-01 18:49:30 1.66 1.18 2.84
2022-10-01 18:50:21 1.77 1.07 2.84
2022-10-01 18:51:45 3.14 2.13 5.27
2022-10-01 18:53:05 1.48 0.88 2.36
2022-10-01 18:54:10 1.54 0.83 2.37
2022-10-01 18:55:36 1.34 1.00 2.34
2022-10-01 18:56:13 1.62 1.03 2.65
2022-10-01 18:56:48 1.88 1.08 2.96
2022-10-01 18:57:26 1.87 1.05 2.92
2022-10-01 18:58:01 1.60 1.17 2.77
2022-10-01 18:59:30 1.69 0.88 2.57
2022-10-01 19:00:39 1.28 0.88 2.16
2022-10-01 19:01:40 2.79 0.96 3.75
2022-10-01 19:03:02 1.97 1.12 3.09
2022-10-01 19:04:09 3.16 1.60 4.76
2022-10-01 19:05:16 1.61 0.93 2.54
2022-10-01 19:06:21 1.97 1.18 3.15
2022-10-01 19:07:40 1.77 0.99 2.76
2022-10-01 19:08:13 1.43 0.88 2.31
2022-10-01 19:09:13 1.80 0.99 2.79
2022-10-01 19:10:40 1.65 0.91 2.56
2022-10-01 19:11:58 2.00 1.12 3.12
2022-10-01 19:12:41 1.62 1.02 2.64
2022-10-01 19:13:32 1.67 1.21 2.88
2022-10-01 19:14:52 2.42 1.19 3.61
2022-10-01 19:15:44 1.87 1.04 2.91
2022-10-01 19:16:17 1.54 0.87 2.41
2022-10-01 19:17:24 1.68 0.93 2.61
2022-10-01 19:18:25 1.06 0.85 1.91
2022-10-01 19:19:23 1.80 1.01 2.81
2022-10-01 19:21:33 3.78 1.69 5.47
2022-10-01 19:33:57 2.33 1.42 3.75
2022-10-01 19:35:19 4.27 2.91 7.18
2022-10-01 20:01:57 8.69 5.60 14.29
2022-10-01 20:09:49 8.80 6.05 14.85
2022-10-01 20:18:26 2.77 2.00 4.77
2022-10-01 20:19:21 2.05 0.91 2.96
2022-10-01 20:20:05 1.49 1.14 2.63
2022-10-01 20:20:40 1.84 1.04 2.88
2022-10-01 20:21:37 2.67 1.19 3.86
2022-10-01 20:22:34 1.80 1.15 2.95
2022-10-01 20:23:34 1.83 0.90 2.73
2022-10-01 20:24:22 1.82 0.98 2.80
2022-10-01 20:25:51 1.78 0.94 2.72
2022-10-01 20:26:49 1.78 0.88 2.66
2022-10-01 20:27:32 1.78 0.94 2.72
2022-10-01 20:28:26 2.78 1.73 4.51
2022-10-01 20:29:27 1.70 0.99 2.69
2022-10-01 20:30:43 2.49 1.57 4.06
2022-10-01 20:31:16 1.72 0.92 2.64
2022-10-01 20:32:40 2.00 0.91 2.91
2022-10-01 20:33:33 3.27 1.70 4.97
2022-10-01 20:34:31 2.32 1.20 3.52
2022-10-01 20:35:34 6.59 6.02 12.61
2022-10-01 20:36:30 2.50 1.37 3.87
2022-10-01 20:37:17 1.90 1.03 2.93
2022-10-01 20:38:07 2.17 1.10 3.27
2022-10-01 20:38:46 2.10 1.93 4.03
2022-10-01 20:40:13 2.63 1.85 4.48
2022-10-01 20:41:23 1.59 1.09 2.68
2022-10-01 20:42:00 2.09 1.18 3.27
2022-10-01 20:43:03 1.95 0.93 2.88
2022-10-01 20:44:29 1.59 0.97 2.56
2022-10-01 20:45:57 1.70 0.97 2.67
2022-10-01 20:47:14 3.13 1.96 5.09
2022-10-01 20:48:24 1.88 1.24 3.12
2022-10-01 20:49:06 2.08 1.06 3.14
2022-10-01 20:50:15 2.54 1.28 3.82
2022-10-01 20:50:50 2.42 1.07 3.49
2022-10-01 20:52:00 1.99 1.04 3.03
2022-10-01 20:53:31 1.91 1.02 2.93
2022-10-01 20:55:02 2.38 1.36 3.74
2022-10-01 20:55:51 2.00 1.59 3.59
2022-10-01 20:56:33 2.44 1.07 3.51
2022-10-01 20:57:56 3.42 2.21 5.63
2022-10-01 20:59:12 4.53 2.82 7.35
2022-10-01 21:00:42 3.52 3.02 6.54
2022-10-01 21:01:24 2.31 1.25 3.56
2022-10-01 21:02:19 3.54 2.01 5.55
2022-10-01 21:03:25 2.21 1.11 3.32
2022-10-01 21:04:12 1.83 1.00 2.83
2022-10-01 21:05:21 2.32 1.08 3.40
2022-10-01 21:06:05 2.38 1.33 3.71
2022-10-01 21:07:04 2.46 1.45 3.91
2022-10-01 21:08:30 2.64 1.36 4.00
2022-10-01 21:09:14 1.90 0.98 2.88
2022-10-01 21:10:15 2.37 1.32 3.69
2022-10-01 21:11:11 2.04 1.09 3.13
2022-10-01 21:12:26 2.42 1.62 4.04
2022-10-01 21:14:03 7.09 5.03 12.12
2022-10-01 21:15:09 3.68 2.35 6.03
2022-10-01 21:16:31 2.76 1.92 4.68
2022-10-01 21:17:34 2.43 1.27 3.70
2022-10-01 21:18:51 6.73 3.76 10.49
2022-10-01 21:19:34 4.31 2.79 7.10
2022-10-01 21:20:37 2.69 1.68 4.37
2022-10-01 21:21:22 1.98 1.43 3.41
2022-10-01 21:22:25 1.86 1.23 3.09
2022-10-01 21:23:03 2.26 1.35 3.61
2022-10-01 21:23:51 2.03 1.85 3.88
2022-10-01 21:24:39 2.01 1.21 3.22
2022-10-01 21:25:25 1.92 1.06 2.98
2022-10-01 21:26:44 2.70 1.48 4.18
2022-10-01 21:27:57 3.82 2.15 5.97
2022-10-01 21:28:51 1.39 1.15 2.54
2022-10-01 21:30:09 2.45 1.57 4.02
2022-10-01 21:31:12 2.29 1.10 3.39
2022-10-01 21:32:33 2.03 1.04 3.07
2022-10-01 21:33:54 3.07 1.86 4.93
2022-10-01 21:35:02 3.64 2.86 6.50
2022-10-01 21:36:10 2.60 1.94 4.54
2022-10-01 21:37:27 2.71 2.21 4.92
2022-10-01 21:39:00 2.24 1.14 3.38
2022-10-01 21:39:51 1.56 1.24 2.80
2022-10-01 21:40:46 1.75 1.13 2.88
2022-10-01 21:42:14 3.16 1.54 4.70
2022-10-01 21:43:23 2.12 0.95 3.07
2022-10-01 21:44:22 1.75 0.95 2.70
2022-10-01 21:45:52 2.17 1.26 3.43
2022-10-01 21:46:30 2.18 1.16 3.34
2022-10-01 21:47:27 1.98 1.22 3.20
2022-10-01 21:48:30 1.98 1.19 3.17
2022-10-01 21:49:19 2.98 1.96 4.94
2022-10-01 21:50:33 2.69 1.61 4.30
2022-10-01 21:51:40 1.95 1.14 3.09
2022-10-01 21:52:49 2.00 0.94 2.94
2022-10-01 21:54:06 1.78 1.03 2.81
2022-10-01 21:55:12 1.65 1.47 3.12
2022-10-01 21:55:52 1.88 1.21 3.09
2022-10-01 21:56:54 1.79 0.83 2.62
2022-10-01 21:57:57 2.36 1.48 3.84
2022-10-01 21:58:45 2.00 1.15 3.15
2022-10-01 22:00:16 1.85 0.93 2.78
2022-10-01 22:01:21 2.01 1.31 3.32
2022-10-01 22:02:15 2.90 1.54 4.44
2022-10-01 22:02:58 1.60 0.98 2.58
2022-10-01 22:03:58 3.69 2.19 5.88
2022-10-01 22:05:15 2.51 1.78 4.29
2022-10-01 22:06:26 2.06 0.95 3.01
2022-10-01 22:07:49 1.66 1.33 2.99
2022-10-01 22:08:53 1.62 0.93 2.55
2022-10-01 22:09:36 2.08 1.00 3.08
2022-10-01 22:10:47 2.11 0.94 3.05
2022-10-01 22:11:58 2.04 1.02 3.06
2022-10-01 22:12:37 2.06 1.04 3.10
2022-10-01 22:13:35 1.90 0.89 2.79
2022-10-01 22:14:24 1.44 0.93 2.37
2022-10-01 22:15:06 1.71 0.87 2.58
2022-10-01 22:15:45 2.28 1.13 3.41
2022-10-01 22:17:16 2.75 1.71 4.46
2022-10-01 22:18:05 1.85 0.82 2.67
2022-10-01 22:19:35 1.98 1.27 3.25
2022-10-01 22:20:34 2.23 1.08 3.31
2022-10-01 22:21:37 1.34 0.83 2.17
2022-10-01 22:23:06 4.48 1.61 6.09
2022-10-01 22:24:18 1.75 1.01 2.76
2022-10-01 22:25:17 2.13 1.21 3.34
2022-10-01 22:26:14 1.74 1.03 2.77
2022-10-01 22:27:14 1.96 0.99 2.95
2022-10-01 22:28:12 1.82 1.14 2.96
2022-10-01 22:29:31 1.55 0.88 2.43
2022-10-01 22:30:28 1.88 1.26 3.14
2022-10-01 22:31:55 1.82 1.00 2.82
2022-10-01 22:32:44 1.95 1.01 2.96
2022-10-01 22:33:54 1.58 0.99 2.57
2022-10-01 22:34:35 1.88 0.87 2.75
2022-10-01 22:36:07 1.52 0.95 2.47
2022-10-01 22:37:35 1.66 1.04 2.70
2022-10-01 22:38:32 1.58 0.85 2.43
2022-10-01 22:39:18 3.23 1.89 5.12
2022-10-01 22:40:10 2.00 1.02 3.02
2022-10-01 22:41:42 1.82 0.91 2.73
2022-10-01 22:42:46 2.06 0.98 3.04
2022-10-01 22:43:29 2.22 1.22 3.44
2022-10-01 22:44:20 1.78 1.10 2.88
2022-10-01 22:45:19 1.79 0.89 2.68
2022-10-01 22:45:52 2.06 1.57 3.63
2022-10-01 22:46:29 2.51 1.08 3.59
2022-10-01 22:47:55 1.84 1.06 2.90
2022-10-01 22:48:43 1.65 0.96 2.61
2022-10-01 22:49:57 1.65 0.94 2.59
2022-10-01 22:51:10 1.41 1.02 2.43
2022-10-01 22:51:51 1.72 0.90 2.62
2022-10-01 22:52:41 2.98 1.66 4.64
2022-10-01 22:54:07 1.86 0.91 2.77
2022-10-01 22:55:10 1.43 1.08 2.51
2022-10-01 22:56:10 1.71 0.82 2.53
2022-10-01 22:57:24 1.74 0.98 2.72
2022-10-01 22:58:51 1.76 0.83 2.59
2022-10-01 23:00:20 1.63 0.97 2.60
2022-10-01 23:01:09 1.44 0.86 2.30
2022-10-01 23:01:47 1.65 0.95 2.60
2022-10-02 00:03:34 2.99 2.24 5.23
2022-10-02 00:04:28 9.41 7.05 16.46
2022-10-02 00:22:06 8.63 6.04 14.67
2022-10-02 00:23:37 7.24 5.22 12.46
2022-10-02 00:24:41 5.95 4.20 10.15
2022-10-02 00:25:30 6.22 4.63 10.85
2022-10-02 00:43:26 12.36 9.01 21.37
2022-10-02 00:44:42 9.42 6.57 15.99
2022-10-02 00:46:06 8.95 7.43 16.38
2022-10-02 00:47:30 6.69 4.63 11.32
2022-10-02 00:49:09 6.94 5.55 12.49
2022-10-02 00:50:01 5.55 3.75 9.30
2022-10-02 00:51:04 5.32 4.18 9.50
2022-10-02 01:02:31 9.62 6.10 15.72
2022-10-02 01:04:36 9.18 6.20 15.38
2022-10-02 01:08:35 8.87 6.72 15.59
2022-10-02 01:25:55 1.88 1.15 3.03
2022-10-02 01:27:31 7.87 5.57 13.44
2022-10-02 01:28:24 8.52 5.66 14.18
2022-10-02 01:45:07 14.31 7.61 21.92
2022-10-02 01:49:43 9.03 6.60 15.63
2022-10-02 02:07:06 9.40 6.62 16.02
2022-10-02 02:25:46 7.89 5.90 13.79
2022-10-02 02:27:09 7.74 5.72 13.46
2022-10-02 02:28:13 7.99 5.64 13.63
2022-10-02 03:31:58 2.53 1.61 4.14
2022-10-02 04:04:19 10.36 7.63 17.99
2022-10-02 05:28:47 9.16 7.52 16.68
2022-10-02 07:08:09 2.43 1.86 4.29
2022-10-02 07:15:22 8.73 6.16 14.89
2022-10-02 07:33:42 5.39 3.28 8.67
2022-10-02 07:45:35|Navigation timeout of 30000 ms exceeded
2022-10-02 08:00:12|Navigation timeout of 30000 ms exceeded
2022-10-02 08:00:56 2.04 1.14 3.18
2022-10-02 08:02:21 1.94 1.09 3.03
2022-10-02 08:03:29 1.88 0.98 2.86
2022-10-02 08:04:15 2.01 1.11 3.12
2022-10-02 08:05:00 1.73 1.00 2.73
2022-10-02 08:06:25 1.84 1.11 2.95
2022-10-02 08:07:55 1.85 1.17 3.02
2022-10-02 08:09:16 2.89 1.46 4.35
2022-10-02 08:10:39 2.30 1.22 3.52
2022-10-02 08:11:54 1.57 0.84 2.41
2022-10-02 08:13:22 1.68 0.89 2.57
2022-10-02 08:14:07 1.57 0.86 2.43
2022-10-02 08:15:12 1.66 0.89 2.55
2022-10-02 08:15:51 1.55 0.75 2.30
2022-10-02 08:16:43 2.16 1.02 3.18
2022-10-02 08:17:33 1.30 0.97 2.27
2022-10-02 08:18:18 1.56 0.79 2.35
2022-10-02 08:19:34 1.71 0.86 2.57
2022-10-02 08:20:32 2.08 1.08 3.16
2022-10-02 08:21:14 1.72 0.84 2.56
2022-10-02 08:22:16 1.63 0.88 2.51
2022-10-02 08:23:04 1.66 0.85 2.51
2022-10-02 08:24:19 2.30 0.81 3.11
2022-10-02 08:25:23 1.33 0.78 2.11
2022-10-02 08:26:51 1.41 0.82 2.23
2022-10-02 08:28:12 1.23 0.88 2.11
2022-10-02 08:29:12 1.55 0.83 2.38
2022-10-02 08:30:22 1.71 0.93 2.64
2022-10-02 08:31:29 1.56 0.86 2.42
2022-10-02 08:32:37 1.66 0.86 2.52
2022-10-02 08:33:48 1.26 0.96 2.22
2022-10-02 08:35:18 1.59 0.95 2.54
2022-10-02 08:36:18 1.69 0.93 2.62
2022-10-02 08:37:40 1.63 0.84 2.47
2022-10-02 08:38:48 1.65 0.96 2.61
2022-10-02 08:39:33 1.55 0.74 2.29
2022-10-02 08:40:06 1.42 0.74 2.16
2022-10-02 08:41:02 1.14 0.82 1.96
2022-10-02 08:42:32 1.46 0.88 2.34
2022-10-02 08:43:53 1.75 0.88 2.63
2022-10-02 08:45:16 1.61 0.75 2.36
2022-10-02 08:46:41 1.91 0.96 2.87
2022-10-02 08:47:53 9.27 5.56 14.83
2022-10-02 08:57:09 1.75 0.86 2.61
2022-10-02 08:58:11 1.13 0.90 2.03
2022-10-02 08:59:24 1.49 0.80 2.29
2022-10-02 09:00:25 1.32 0.77 2.09
2022-10-02 09:01:37 1.50 0.91 2.41
2022-10-02 09:02:17 1.40 0.85 2.25
2022-10-02 09:03:44 1.64 0.89 2.53
2022-10-02 09:04:39 1.30 0.72 2.02
2022-10-02 09:05:24 1.39 0.87 2.26
2022-10-02 09:06:39 1.64 0.88 2.52
2022-10-02 09:08:00 1.70 0.90 2.60
2022-10-02 09:09:01 1.72 0.94 2.66
2022-10-02 09:10:28 1.59 1.00 2.59
2022-10-02 09:11:30 1.89 0.80 2.69
2022-10-02 09:13:01 1.62 0.96 2.58
2022-10-02 09:13:36 1.45 0.86 2.31
2022-10-02 09:14:58 1.83 0.91 2.74
2022-10-02 09:16:17 1.49 0.86 2.35
2022-10-02 09:16:52 1.41 0.81 2.22
2022-10-02 09:17:38 1.44 0.75 2.19
2022-10-02 09:18:15 1.45 0.74 2.19
2022-10-02 09:19:43 1.47 0.79 2.26
2022-10-02 09:21:00 1.22 0.94 2.16
2022-10-02 09:21:52 1.54 0.71 2.25
2022-10-02 09:22:59 1.76 0.89 2.65
2022-10-02 09:24:28 1.87 1.01 2.88
2022-10-02 09:25:16 1.48 0.87 2.35
2022-10-02 09:26:44 1.09 0.75 1.84
2022-10-02 09:27:26 1.98 1.08 3.06
2022-10-02 09:28:51 1.31 0.79 2.10
2022-10-02 09:29:23 1.36 0.77 2.13
2022-10-02 09:30:18 1.67 0.88 2.55
2022-10-02 09:31:44 1.67 0.92 2.59
2022-10-02 09:32:38 1.83 0.91 2.74
2022-10-02 09:34:09 1.96 1.16 3.12
2022-10-02 09:35:33 1.63 0.94 2.57
2022-10-02 09:36:58 1.50 0.93 2.43
2022-10-02 09:38:06 1.85 0.95 2.80
2022-10-02 09:39:19 1.68 0.84 2.52
2022-10-02 09:39:51 1.33 0.81 2.14
2022-10-02 09:41:01 1.29 0.96 2.25
2022-10-02 09:41:52 1.95 0.96 2.91
2022-10-02 09:43:22 1.63 0.95 2.58
2022-10-02 09:44:06 1.26 0.74 2.00
2022-10-02 09:45:15 1.64 0.99 2.63
2022-10-02 09:46:36 6.35 3.13 9.48
2022-10-02 09:47:33 1.51 0.89 2.40
2022-10-02 09:48:31 1.25 0.76 2.01
2022-10-02 09:50:03 1.76 0.91 2.67
2022-10-02 09:51:14 2.51 1.19 3.70
2022-10-02 09:52:02 1.80 0.99 2.79
2022-10-02 09:52:44 1.63 0.91 2.54
2022-10-02 09:53:25 1.33 0.82 2.15
2022-10-02 09:54:05 1.64 0.95 2.59
2022-10-02 09:55:20 1.48 0.83 2.31
2022-10-02 09:56:16 1.61 1.00 2.61
2022-10-02 09:56:59 1.49 0.76 2.25
2022-10-02 09:58:05 1.48 0.77 2.25
2022-10-02 09:58:53 1.68 0.99 2.67
2022-10-02 09:59:37 1.53 0.87 2.40
2022-10-02 10:00:52 1.25 0.97 2.22
2022-10-02 10:01:51 1.60 0.96 2.56
2022-10-02 10:02:39 1.64 0.92 2.56
2022-10-02 10:03:20 1.97 0.94 2.91
2022-10-02 10:04:27 1.76 0.95 2.71
2022-10-02 10:05:57 1.72 1.03 2.75
2022-10-02 10:07:28 1.70 0.91 2.61
2022-10-02 10:08:39 1.69 0.92 2.61
2022-10-02 10:09:40 1.51 0.90 2.41
2022-10-02 10:10:23 1.45 0.84 2.29
2022-10-02 10:11:45 1.53 1.18 2.71
2022-10-02 10:12:59 1.63 0.98 2.61
2022-10-02 10:13:40 1.69 0.87 2.56
2022-10-02 10:14:38 1.72 0.86 2.58
2022-10-02 10:15:49 1.51 0.94 2.45
2022-10-02 10:17:17 1.54 0.83 2.37
2022-10-02 10:18:26 1.42 0.74 2.16
2022-10-02 10:19:32 1.40 0.84 2.24
2022-10-02 10:20:36 1.48 0.77 2.25
2022-10-02 10:21:22 1.62 0.90 2.52
2022-10-02 10:22:42 1.49 0.83 2.32
2022-10-02 10:24:06 1.34 0.98 2.32
2022-10-02 10:25:08 1.53 0.96 2.49
2022-10-02 10:26:17 1.60 0.91 2.51
2022-10-02 10:26:50 1.55 0.77 2.32
2022-10-02 10:27:32 1.61 1.14 2.75
2022-10-02 10:29:04 2.41 1.36 3.77
2022-10-02 10:30:19 2.78 1.42 4.20
2022-10-02 10:31:32 2.66 1.55 4.21
2022-10-02 10:32:45 1.83 1.38 3.21
2022-10-02 10:34:09 2.65 1.59 4.24
2022-10-02 10:35:30 1.45 0.84 2.29
2022-10-02 10:36:53 1.61 1.00 2.61
2022-10-02 10:38:19 1.44 0.90 2.34
2022-10-02 10:39:01 1.37 0.84 2.21
2022-10-02 10:40:13 1.73 1.17 2.90
2022-10-02 10:41:26 2.88 1.38 4.26
2022-10-02 10:42:34 2.15 1.27 3.42
2022-10-02 10:43:55 2.91 2.02 4.93
2022-10-02 10:44:32 1.61 0.93 2.54
2022-10-02 10:45:07 1.47 0.82 2.29
2022-10-02 10:46:34 1.50 0.83 2.33
2022-10-02 10:47:18 1.34 0.78 2.12
2022-10-02 10:48:39 1.59 0.91 2.50
2022-10-02 10:49:20 1.22 0.95 2.17
2022-10-02 10:50:26 1.80 0.94 2.74
2022-10-02 10:51:46 1.35 0.73 2.08
2022-10-02 10:52:55 1.68 0.85 2.53
2022-10-02 10:53:44 15.20 10.11 25.31
2022-10-02 10:54:49 1.72 0.85 2.57
2022-10-02 10:55:34 1.38 0.82 2.20
2022-10-02 10:57:06 1.81 0.84 2.65
2022-10-02 10:58:28 1.89 1.04 2.93
2022-10-02 10:59:04 1.40 0.87 2.27
2022-10-02 11:00:07 1.51 0.96 2.47
2022-10-02 11:01:19 1.52 0.95 2.47
2022-10-02 11:02:02 1.57 1.01 2.58
2022-10-02 11:03:00 1.41 0.87 2.28
2022-10-02 11:03:32 1.52 0.92 2.44
2022-10-02 11:04:06 1.41 0.79 2.20
2022-10-02 11:04:50 1.77 0.91 2.68
2022-10-02 11:06:15 1.64 0.88 2.52
2022-10-02 11:06:51 1.74 0.96 2.70
2022-10-02 11:08:12 1.67 0.83 2.50
2022-10-02 11:09:24 1.81 0.88 2.69
2022-10-02 11:10:29 1.74 0.95 2.69
2022-10-02 11:11:58 1.87 0.86 2.73
2022-10-02 11:13:15 1.68 0.87 2.55
2022-10-02 11:14:20 4.26 3.63 7.89
2022-10-02 11:15:18 1.65 0.91 2.56
2022-10-02 11:45:56 13.39 11.56 24.95
2022-10-02 11:46:50 8.59 7.76 16.35
2022-10-02 11:48:15 2.18 0.93 3.11
2022-10-02 12:04:18 2.44 2.10 4.54
2022-10-02 12:20:47|Navigation timeout of 60000 ms exceeded
2022-10-02 12:37:33 4.39 3.08 7.47
2022-10-02 12:39:08 4.49 3.84 8.33
2022-10-02 12:56:51 4.22 3.19 7.41
2022-10-02 13:06:00 1.54 0.95 2.49
2022-10-02 13:10:27 4.38 3.29 7.67
2022-10-02 13:16:11|Navigation timeout of 60000 ms exceeded
2022-10-02 13:32:21 5.46 4.27 9.73
2022-10-02 13:34:10 5.09 0.93 6.02
2022-10-02 14:03:59 4.67 3.31 7.98
2022-10-02 14:11:40 1.50 1.36 2.86
2022-10-02 14:22:51 4.68 3.20 7.88
2022-10-02 14:36:11 4.46 3.34 7.80
2022-10-02 14:38:11 1.53 0.76 2.29
2022-10-02 15:08:49|Navigation timeout of 60000 ms exceeded
2022-10-02 15:09:31 5.16 3.20 8.36
2022-10-02 15:20:13 5.04 3.56 8.60
2022-10-02 15:21:33 4.87 3.36 8.23
2022-10-02 15:22:42 4.40 2.93 7.33
2022-10-02 15:28:59 4.95 3.35 8.30
2022-10-02 15:31:54 1.67 0.87 2.54
2022-10-02 15:32:35 1.37 0.84 2.21
2022-10-02 15:33:51 2.88 1.56 4.44
2022-10-02 15:34:51 1.70 0.86 2.56
2022-10-02 15:36:08 1.23 0.91 2.14
2022-10-02 15:36:42 1.49 0.88 2.37
2022-10-02 15:38:05 1.50 0.86 2.36
2022-10-02 15:39:24 1.39 0.85 2.24
2022-10-02 15:40:47 1.63 0.79 2.42
2022-10-02 15:41:55 1.26 0.86 2.12
2022-10-02 15:43:04 1.93 0.84 2.77
2022-10-02 15:43:37 1.38 0.86 2.24
2022-10-02 15:44:41 1.43 0.90 2.33
2022-10-02 15:45:52 1.66 0.86 2.52
2022-10-02 15:46:44 1.49 0.93 2.42
2022-10-02 15:47:51 5.40 3.98 9.38
2022-10-02 15:49:24 6.28 3.35 9.63
2022-10-02 16:09:57 5.40 3.89 9.29
2022-10-02 16:11:22 4.60 3.05 7.65
2022-10-02 16:12:36 7.71 7.04 14.75
2022-10-02 16:14:04 1.61 0.82 2.43
2022-10-02 16:14:57 5.02 3.46 8.48
2022-10-02 16:15:56 6.53 3.52 10.05
2022-10-02 16:17:50 1.81 0.89 2.70
2022-10-02 16:23:37 1.87 0.87 2.74
2022-10-02 16:39:27 1.69 0.87 2.56
2022-10-02 16:47:01|Navigation timeout of 60000 ms exceeded
2022-10-02 16:48:18 1.72 0.94 2.66
2022-10-02 16:49:18 1.71 0.82 2.53
2022-10-02 16:57:03 1.96 0.88 2.84
2022-10-02 17:05:48|Navigation timeout of 60000 ms exceeded
2022-10-02 17:13:13 6.12 4.33 10.45
2022-10-02 17:16:35|Navigation timeout of 60000 ms exceeded
2022-10-02 17:24:17 8.94 6.57 15.51
2022-10-02 17:25:08 6.81 4.78 11.59
2022-10-02 17:37:56 2.19 1.08 3.27
2022-10-02 17:38:41 6.80 4.29 11.09
2022-10-02 17:41:39 9.53 5.23 14.76
2022-10-02 17:53:30 1.97 1.31 3.28
2022-10-02 17:54:44 3.02 0.87 3.89
2022-10-02 17:55:28 6.74 4.92 11.66
2022-10-02 17:56:59 1.67 1.00 2.67
2022-10-02 17:58:00 1.79 0.93 2.72
2022-10-02 17:59:07 2.18 1.14 3.32
2022-10-02 18:00:12 1.72 1.02 2.74
2022-10-02 18:01:10 2.64 1.40 4.04
2022-10-02 18:02:34 2.30 1.16 3.46
2022-10-02 18:03:22 2.24 1.23 3.47
2022-10-02 18:04:11 2.16 1.24 3.40
2022-10-02 18:05:38 1.98 0.90 2.88
2022-10-02 18:06:53 1.99 1.12 3.11
2022-10-02 18:07:30 1.68 0.81 2.49
2022-10-02 18:08:17 1.49 0.93 2.42
2022-10-02 18:09:18 1.65 0.92 2.57
2022-10-02 18:10:42 1.58 0.94 2.52
2022-10-02 18:11:54 1.65 0.81 2.46
2022-10-02 18:13:16 1.93 1.14 3.07
2022-10-02 18:14:43 1.86 1.08 2.94
2022-10-02 18:15:51 3.06 1.74 4.80
2022-10-02 18:16:42 2.26 1.34 3.60
2022-10-02 18:17:28 1.56 1.20 2.76
2022-10-02 18:18:48 2.08 1.10 3.18
2022-10-02 18:19:30 2.32 1.21 3.53
2022-10-02 18:20:56 1.76 0.97 2.73
2022-10-02 18:22:25 1.85 1.09 2.94
2022-10-02 18:23:27 1.92 0.92 2.84
2022-10-02 18:24:28 1.55 0.91 2.46
2022-10-02 18:25:37 1.75 1.01 2.76
2022-10-02 18:26:33 1.63 0.87 2.50
2022-10-02 18:27:59 2.54 1.22 3.76
2022-10-02 18:29:31 1.69 0.91 2.60
2022-10-02 18:30:41 2.10 1.11 3.21
2022-10-02 18:31:44 1.67 0.99 2.66
2022-10-02 18:32:29 2.11 1.04 3.15
2022-10-02 18:33:22 1.88 0.96 2.84
2022-10-02 18:34:31 1.84 1.06 2.90
2022-10-02 18:35:12 2.35 1.29 3.64
2022-10-02 18:36:36 2.35 1.28 3.63
2022-10-02 18:37:12 1.68 1.15 2.83
2022-10-02 18:37:58 2.87 1.81 4.68
2022-10-02 18:38:50 2.56 1.52 4.08
2022-10-02 18:40:00 2.92 1.43 4.35
2022-10-02 18:40:37 2.47 1.42 3.89
2022-10-02 18:41:58 1.48 0.79 2.27
2022-10-02 18:43:04 2.34 1.10 3.44
2022-10-02 18:44:22 1.73 1.01 2.74
2022-10-02 18:45:54 1.97 1.31 3.28
2022-10-02 18:46:37 2.08 1.20 3.28
2022-10-02 18:47:35 2.54 0.87 3.41
2022-10-02 18:48:23 1.99 0.91 2.90
2022-10-02 18:49:42 1.89 0.91 2.80
2022-10-02 18:50:20 1.56 0.85 2.41
2022-10-02 18:51:16 1.64 1.23 2.87
2022-10-02 18:52:41 1.80 0.85 2.65
2022-10-02 18:53:44 2.38 1.54 3.92
2022-10-02 18:54:40 1.66 0.98 2.64
2022-10-02 18:55:24 2.02 1.19 3.21
2022-10-02 18:56:46 1.57 0.84 2.41
2022-10-02 18:58:18 1.57 0.84 2.41
2022-10-02 18:58:51 1.45 0.89 2.34
2022-10-02 18:59:31 1.80 1.08 2.88
2022-10-02 19:01:01 1.68 0.95 2.63
2022-10-02 19:01:39 1.15 0.89 2.04
2022-10-02 19:02:52 1.64 0.79 2.43
2022-10-02 19:04:20 1.79 0.86 2.65
2022-10-02 19:05:38 1.69 0.93 2.62
2022-10-02 19:06:35 1.68 0.88 2.56
2022-10-02 19:07:19 1.32 0.90 2.22
2022-10-02 19:08:07 1.68 1.06 2.74
2022-10-02 19:09:35 1.30 0.96 2.26
2022-10-02 19:10:23 1.59 0.79 2.38
2022-10-02 19:11:24 1.39 0.81 2.20
2022-10-02 19:12:16 1.17 0.80 1.97
2022-10-02 19:13:40 1.69 0.80 2.49
2022-10-02 19:14:15 1.70 0.99 2.69
2022-10-02 19:15:14 1.90 0.98 2.88
2022-10-02 19:37:17 8.69 6.30 14.99
2022-10-02 19:57:17|Navigation timeout of 60000 ms exceeded
2022-10-02 19:58:01 8.27 5.76 14.03
2022-10-02 20:02:29 18.64 15.98 34.62
2022-10-02 20:18:39 6.92 5.38 12.30
2022-10-02 20:20:06 8.78 6.80 15.58
2022-10-02 20:21:45 8.88 6.15 15.03
2022-10-02 20:22:33 6.50 4.03 10.53
2022-10-02 20:23:30 5.63 4.11 9.74
2022-10-02 20:33:52 3.47 2.86 6.33
2022-10-02 20:38:59 2.30 1.60 3.90
2022-10-02 20:40:44 8.43 6.01 14.44
2022-10-02 20:58:04 9.00 6.87 15.87
2022-10-02 21:07:49 9.12 6.06 15.18
2022-10-02 21:20:20 9.22 5.23 14.45
2022-10-02 21:31:26 9.24 5.38 14.62
2022-10-02 21:49:36 1.75 0.84 2.59
2022-10-02 21:50:55 8.53 6.30 14.83
2022-10-02 21:51:48 8.11 6.05 14.16
2022-10-02 21:52:43 8.31 6.20 14.51
2022-10-02 21:53:25 4.72 3.54 8.26
2022-10-02 21:54:17 5.03 3.41 8.44
2022-10-02 22:12:15|Navigation timeout of 60000 ms exceeded
2022-10-02 22:13:39 10.56 7.18 17.74
2022-10-02 22:15:19 8.97 6.43 15.40
2022-10-02 22:16:35 5.47 4.13 9.60
2022-10-02 22:17:27 5.40 3.61 9.01
2022-10-02 22:32:56 10.28 6.45 16.73
2022-10-02 23:05:54 2.50 1.40 3.90
2022-10-02 23:07:13 9.35 7.12 16.47
2022-10-02 23:24:59 3.05 2.37 5.42
2022-10-02 23:29:57 2.01 1.06 3.07
2022-10-02 23:48:20 10.26 6.71 16.97
2022-10-03 00:09:13|Navigation timeout of 60000 ms exceeded
2022-10-03 00:27:01|Navigation timeout of 60000 ms exceeded
2022-10-03 01:27:16|waiting for target failed: timeout 30000ms exceeded
2022-10-03 01:28:51 18.72 15.21 33.93
2022-10-03 01:29:47 14.03 10.35 24.38
2022-10-03 02:45:18 2.47 1.74 4.21
2022-10-03 03:02:11 14.95 10.51 25.46
2022-10-03 05:17:19|Navigation timeout of 60000 ms exceeded
2022-10-03 05:25:01 17.70 12.86 30.56
2022-10-03 05:58:22 2.92 1.64 4.56
2022-10-03 05:59:37 2.07 1.28 3.35
2022-10-03 06:07:03 2.23 1.39 3.62
2022-10-03 06:17:12|Navigation timeout of 60000 ms exceeded
2022-10-03 06:17:47 2.79 1.63 4.42
2022-10-03 06:48:44|Navigation timeout of 60000 ms exceeded
2022-10-03 06:50:43 21.05 15.21 36.26
2022-10-03 06:52:28 15.04 11.18 26.22
2022-10-03 06:53:38|waiting for target failed: timeout 30000ms exceeded
2022-10-03 06:54:57 15.17 11.23 26.40
2022-10-03 06:56:08 13.04 9.57 22.61
2022-10-03 06:57:19 14.27 10.39 24.66
2022-10-03 06:58:25|waiting for target failed: timeout 30000ms exceeded
2022-10-03 06:59:33|waiting for target failed: timeout 30000ms exceeded
2022-10-03 07:00:58 13.69 11.17 24.86
2022-10-03 07:02:56 15.47 11.70 27.17
2022-10-03 07:04:13|waiting for target failed: timeout 30000ms exceeded
2022-10-03 07:05:42|waiting for target failed: timeout 30000ms exceeded
2022-10-03 07:07:10|waiting for target failed: timeout 30000ms exceeded
2022-10-03 07:09:09|waiting for target failed: timeout 30000ms exceeded
2022-10-03 07:10:37 15.55 11.47 27.02
2022-10-03 07:12:13 15.25 11.25 26.50
2022-10-03 07:13:54 15.80 11.70 27.50
2022-10-03 07:15:16 15.33 11.35 26.68
2022-10-03 07:17:03 15.12 11.30 26.42
2022-10-03 07:18:33 18.83 14.66 33.49
2022-10-03 07:19:37 14.87 10.98 25.85
2022-10-03 07:21:24 17.16 13.23 30.39
2022-10-03 07:22:44 15.11 11.15 26.26
2022-10-03 07:23:54 16.04 12.38 28.42
2022-10-03 07:25:27 15.71 11.38 27.09
2022-10-03 07:26:52 14.88 11.07 25.95
2022-10-03 07:28:13 15.17 11.14 26.31
2022-10-03 07:30:04 18.08 13.52 31.60
2022-10-03 07:31:07 13.96 10.33 24.29
2022-10-03 07:32:40 16.02 12.07 28.09
2022-10-03 07:34:25 16.79 12.67 29.46
2022-10-03 07:36:07 15.04 10.82 25.86
2022-10-03 07:37:35 19.02 12.71 31.73
2022-10-03 07:39:26 18.04 13.24 31.28
2022-10-03 07:40:47 21.59 17.31 38.90
2022-10-03 07:42:29 21.11 16.64 37.75
2022-10-03 07:44:26 16.55 12.31 28.86
2022-10-03 07:46:07 21.46 17.61 39.07
2022-10-03 07:47:48 22.58 18.59 41.17
2022-10-03 07:49:46 19.95 15.21 35.16
2022-10-03 08:05:20 6.46 4.50 10.96
2022-10-03 08:06:32 2.96 1.88 4.84
2022-10-03 08:07:46 3.38 1.84 5.22
2022-10-03 08:08:52 2.10 1.33 3.43
2022-10-03 08:09:46 2.50 1.21 3.71
2022-10-03 08:10:34 2.17 1.53 3.70
2022-10-03 08:11:37 2.64 1.62 4.26
2022-10-03 08:12:35 2.93 1.24 4.17
2022-10-03 08:13:28 2.18 1.21 3.39
2022-10-03 08:15:00 2.39 1.60 3.99
2022-10-03 08:16:31 2.95 1.74 4.69
2022-10-03 08:18:01 2.83 1.51 4.34
2022-10-03 08:19:26 1.85 0.93 2.78
2022-10-03 08:20:16 2.01 1.25 3.26
2022-10-03 08:21:16 2.13 1.20 3.33
2022-10-03 08:22:48 2.73 1.68 4.41
2022-10-03 08:40:21 3.44 1.89 5.33
2022-10-03 08:45:28 11.88 9.95 21.83
2022-10-03 08:46:42 12.16 10.03 22.19
2022-10-03 08:47:48|Navigation failed because browser has disconnected!
2022-10-03 08:49:54|waiting for target failed: timeout 30000ms exceeded
2022-10-03 08:50:35 2.59 1.48 4.07
2022-10-03 08:51:10 1.47 0.80 2.27
2022-10-03 08:52:34 1.63 0.93 2.56
2022-10-03 08:53:34 1.73 0.96 2.69
2022-10-03 08:54:16 1.17 0.91 2.08
2022-10-03 08:55:09 1.45 0.89 2.34
2022-10-03 08:56:35 2.64 0.95 3.59
2022-10-03 08:57:49 1.38 0.76 2.14
2022-10-03 08:58:54 1.68 1.01 2.69
2022-10-03 09:00:21 1.48 0.82 2.30
2022-10-03 09:01:02 1.33 0.80 2.13
2022-10-03 09:02:25 1.31 0.80 2.11
2022-10-03 09:03:14 1.70 0.95 2.65
2022-10-03 09:04:07 1.57 0.80 2.37
2022-10-03 09:04:51 1.85 0.93 2.78
2022-10-03 09:05:46 1.20 0.93 2.13
2022-10-03 09:07:07 1.32 0.80 2.12
2022-10-03 09:08:26 1.31 0.76 2.07
2022-10-03 09:09:43 1.77 0.87 2.64
2022-10-03 09:10:20 1.50 0.85 2.35
2022-10-03 09:11:34 1.65 1.04 2.69
2022-10-03 09:12:57 1.31 0.78 2.09
2022-10-03 09:13:36 1.52 0.70 2.22
2022-10-03 09:14:12 1.35 0.80 2.15
2022-10-03 09:15:31 1.26 0.93 2.19
2022-10-03 09:16:58 5.65 3.01 8.66
2022-10-03 09:24:58 10.14 7.26 17.40
2022-10-03 09:25:48 1.42 1.11 2.53
2022-10-03 09:26:45 1.51 0.85 2.36
2022-10-03 09:27:32 1.93 0.97 2.90
2022-10-03 09:28:43 1.69 0.97 2.66
2022-10-03 09:30:07 1.79 0.99 2.78
2022-10-03 09:31:36 1.80 0.95 2.75
2022-10-03 09:32:13 1.46 0.69 2.15
2022-10-03 09:32:55 1.00 0.80 1.80
2022-10-03 09:34:22 1.55 0.92 2.47
2022-10-03 09:34:55 1.52 0.76 2.28
2022-10-03 09:36:12 1.44 0.85 2.29
2022-10-03 09:36:49 1.51 0.81 2.32
2022-10-03 09:38:16 1.68 0.92 2.60
2022-10-03 09:39:48 1.49 0.96 2.45
2022-10-03 09:41:19 1.68 0.84 2.52
